f:\documents\creation of stuff\c++\aqua-lib\x64\debug\aqua.lib
f:\documents\creation of stuff\c++\aqua-lib\x64\debug\aqua.exp
f:\documents\creation of stuff\c++\aqua-lib\aqua\x64\debug\aqua.pch
f:\documents\creation of stuff\c++\aqua-lib\aqua\x64\debug\vc142.pdb
f:\documents\creation of stuff\c++\aqua-lib\aqua\x64\debug\vc142.idb
f:\documents\creation of stuff\c++\aqua-lib\aqua\x64\debug\pch.obj
f:\documents\creation of stuff\c++\aqua-lib\aqua\x64\debug\dllmain.obj
f:\documents\creation of stuff\c++\aqua-lib\aqua\x64\debug\debug.obj
f:\documents\creation of stuff\c++\aqua-lib\aqua\x64\debug\aqua.obj
f:\documents\creation of stuff\c++\aqua-lib\x64\debug\aqua.dll
f:\documents\creation of stuff\c++\aqua-lib\x64\debug\aqua.ilk
f:\documents\creation of stuff\c++\aqua-lib\x64\debug\aqua.pdb
f:\documents\creation of stuff\c++\aqua-lib\aqua\x64\debug\aqua.tlog\aqua.write.1u.tlog
f:\documents\creation of stuff\c++\aqua-lib\aqua\x64\debug\aqua.tlog\cl.command.1.tlog
f:\documents\creation of stuff\c++\aqua-lib\aqua\x64\debug\aqua.tlog\cl.read.1.tlog
f:\documents\creation of stuff\c++\aqua-lib\aqua\x64\debug\aqua.tlog\cl.write.1.tlog
f:\documents\creation of stuff\c++\aqua-lib\aqua\x64\debug\aqua.tlog\link.12316.delete.1.tlog
f:\documents\creation of stuff\c++\aqua-lib\aqua\x64\debug\aqua.tlog\link.command.1.tlog
f:\documents\creation of stuff\c++\aqua-lib\aqua\x64\debug\aqua.tlog\link.read.1.tlog
f:\documents\creation of stuff\c++\aqua-lib\aqua\x64\debug\aqua.tlog\link.write.1.tlog
