f:\documents\creation of stuff\c++\aqua engine\aqua engine\x64\debug\aqua engine.pdb
f:\documents\creation of stuff\c++\aqua engine\aqua engine\x64\debug\aqua engine.idb
f:\documents\creation of stuff\c++\aqua engine\aqua engine\x64\debug\window.obj
f:\documents\creation of stuff\c++\aqua-git\aqua engine\x64\debug\aqua engine.pdb
f:\documents\creation of stuff\c++\aqua-git\aqua engine\x64\debug\aqua engine.idb
f:\documents\creation of stuff\c++\aqua-git\aqua engine\x64\debug\window.obj
f:\documents\creation of stuff\c++\aqua-git\aqua engine\x64\debug\console.obj
f:\documents\creation of stuff\c++\aqua-git\aqua engine\x64\debug\gameobject.obj
f:\documents\creation of stuff\c++\aqua-git\aqua engine\x64\debug\engine.obj
f:\documents\creation of stuff\c++\aqua-git\aqua engine\x64\debug\scene.obj
f:\documents\creation of stuff\c++\aqua engine\x64\debug\aqua engine.lib
f:\documents\creation of stuff\c++\aqua-git\x64\debug\aqua engine.lib
f:\documents\creation of stuff\c++\aqua-git\aqua engine\x64\debug\vc142.idb
f:\documents\creation of stuff\c++\aqua-git\aqua engine\x64\debug\vc142.pdb
f:\documents\creation of stuff\c++\aqua-git\x64\debug\aqua engine.pdb
f:\documents\creation of stuff\c++\aqua-git\aqua engine\x64\debug\aqua engine.tlog\cl.command.1.tlog
f:\documents\creation of stuff\c++\aqua-git\aqua engine\x64\debug\aqua engine.tlog\cl.read.1.tlog
f:\documents\creation of stuff\c++\aqua-git\aqua engine\x64\debug\aqua engine.tlog\cl.write.1.tlog
f:\documents\creation of stuff\c++\aqua-git\aqua engine\x64\debug\aqua engine.tlog\lib-link.read.1.tlog
f:\documents\creation of stuff\c++\aqua-git\aqua engine\x64\debug\aqua engine.tlog\lib-link.write.1.tlog
f:\documents\creation of stuff\c++\aqua-git\aqua engine\x64\debug\aqua engine.tlog\lib.command.1.tlog
f:\documents\creation of stuff\c++\aqua-git\aqua engine\x64\debug\aqua engine.tlog\link-cvtres.read.1.tlog
f:\documents\creation of stuff\c++\aqua-git\aqua engine\x64\debug\aqua engine.tlog\link-cvtres.write.1.tlog
f:\documents\creation of stuff\c++\aqua-git\aqua engine\x64\debug\aqua engine.tlog\link-rc.read.1.tlog
f:\documents\creation of stuff\c++\aqua-git\aqua engine\x64\debug\aqua engine.tlog\link-rc.write.1.tlog
f:\documents\creation of stuff\c++\aqua-git\aqua engine\x64\debug\aqua engine.tlog\link.command.1.tlog
f:\documents\creation of stuff\c++\aqua-git\aqua engine\x64\debug\aqua engine.tlog\link.read.1.tlog
f:\documents\creation of stuff\c++\aqua-git\aqua engine\x64\debug\aqua engine.tlog\link.write.1.tlog
